This is pdfTeX, Version 3.14159265-2.6-1.40.21 (TeX Live 2020) (preloaded format=pdflatex 2020.4.7)  9 OCT 2020 18:32
entering extended mode
 restricted \write18 enabled.
 %&-line parsing enabled.
**/Users/loganbon/Desktop/repos/machine-learning-course/pp2/report/pp2.tex
(/Users/loganbon/Desktop/repos/machine-learning-course/pp2/report/pp2.tex
LaTeX2e <2020-02-02> patch level 5
L3 programming layer <2020-03-06>
(/usr/local/texlive/2020/texmf-dist/tex/latex/base/article.cls
Document Class: article 2019/12/20 v1.4l Standard LaTeX document class
(/usr/local/texlive/2020/texmf-dist/tex/latex/base/size10.clo
File: size10.clo 2019/12/20 v1.4l Standard LaTeX file (size option)
)
\c@part=\count167
\c@section=\count168
\c@subsection=\count169
\c@subsubsection=\count170
\c@paragraph=\count171
\c@subparagraph=\count172
\c@figure=\count173
\c@table=\count174
\abovecaptionskip=\skip47
\belowcaptionskip=\skip48
\bibindent=\dimen134
)
(/usr/local/texlive/2020/texmf-dist/tex/latex/amsmath/amsmath.sty
Package: amsmath 2020/01/20 v2.17e AMS math features
\@mathmargin=\skip49

For additional information on amsmath, use the `?' option.
(/usr/local/texlive/2020/texmf-dist/tex/latex/amsmath/amstext.sty
Package: amstext 2000/06/29 v2.01 AMS text

(/usr/local/texlive/2020/texmf-dist/tex/latex/amsmath/amsgen.sty
File: amsgen.sty 1999/11/30 v2.0 generic functions
\@emptytoks=\toks15
\ex@=\dimen135
))
(/usr/local/texlive/2020/texmf-dist/tex/latex/amsmath/amsbsy.sty
Package: amsbsy 1999/11/29 v1.2d Bold Symbols
\pmbraise@=\dimen136
)
(/usr/local/texlive/2020/texmf-dist/tex/latex/amsmath/amsopn.sty
Package: amsopn 2016/03/08 v2.02 operator names
)
\inf@bad=\count175
LaTeX Info: Redefining \frac on input line 227.
\uproot@=\count176
\leftroot@=\count177
LaTeX Info: Redefining \overline on input line 389.
\classnum@=\count178
\DOTSCASE@=\count179
LaTeX Info: Redefining \ldots on input line 486.
LaTeX Info: Redefining \dots on input line 489.
LaTeX Info: Redefining \cdots on input line 610.
\Mathstrutbox@=\box45
\strutbox@=\box46
\big@size=\dimen137
LaTeX Font Info:    Redeclaring font encoding OML on input line 733.
LaTeX Font Info:    Redeclaring font encoding OMS on input line 734.
\macc@depth=\count180
\c@MaxMatrixCols=\count181
\dotsspace@=\muskip16
\c@parentequation=\count182
\dspbrk@lvl=\count183
\tag@help=\toks16
\row@=\count184
\column@=\count185
\maxfields@=\count186
\andhelp@=\toks17
\eqnshift@=\dimen138
\alignsep@=\dimen139
\tagshift@=\dimen140
\tagwidth@=\dimen141
\totwidth@=\dimen142
\lineht@=\dimen143
\@envbody=\toks18
\multlinegap=\skip50
\multlinetaggap=\skip51
\mathdisplay@stack=\toks19
LaTeX Info: Redefining \[ on input line 2859.
LaTeX Info: Redefining \] on input line 2860.
)
(/usr/local/texlive/2020/texmf-dist/tex/latex/graphics/graphicx.sty
Package: graphicx 2019/11/30 v1.2a Enhanced LaTeX Graphics (DPC,SPQR)

(/usr/local/texlive/2020/texmf-dist/tex/latex/graphics/keyval.sty
Package: keyval 2014/10/28 v1.15 key=value parser (DPC)
\KV@toks@=\toks20
)
(/usr/local/texlive/2020/texmf-dist/tex/latex/graphics/graphics.sty
Package: graphics 2019/11/30 v1.4a Standard LaTeX Graphics (DPC,SPQR)

(/usr/local/texlive/2020/texmf-dist/tex/latex/graphics/trig.sty
Package: trig 2016/01/03 v1.10 sin cos tan (DPC)
)
(/usr/local/texlive/2020/texmf-dist/tex/latex/graphics-cfg/graphics.cfg
File: graphics.cfg 2016/06/04 v1.11 sample graphics configuration
)
Package graphics Info: Driver file: pdftex.def on input line 105.

(/usr/local/texlive/2020/texmf-dist/tex/latex/graphics-def/pdftex.def
File: pdftex.def 2018/01/08 v1.0l Graphics/color driver for pdftex
))
\Gin@req@height=\dimen144
\Gin@req@width=\dimen145
)
(/usr/local/texlive/2020/texmf-dist/tex/latex/subfig/subfig.sty
Package: subfig 2005/06/28 ver: 1.3 subfig package

(/usr/local/texlive/2020/texmf-dist/tex/latex/caption/caption.sty
Package: caption 2020/01/03 v3.4h Customizing captions (AR)

(/usr/local/texlive/2020/texmf-dist/tex/latex/caption/caption3.sty
Package: caption3 2020/01/03 v1.8h caption3 kernel (AR)
Package caption3 Info: TeX engine: e-TeX on input line 61.
\captionmargin=\dimen1nt Info:    ... okay on input line 5.
LaTeX Font Info:    Checking defaults for OT1/cmr/m/n on input line 5.
LaTeX Font Info:    ... okay on input line 5.
LaTeX Font Info:    Checking defaults for T1/cmr/m/n on input line 5.
LaTeX Font Info:    ... okay on input line 5.
LaTeX Font Info:    Checking defaults for TS1/cmr/m/n on input line 5.
LaTeX Font Info:    ... okay on input line 5.
LaTeX Font Info:    Checking defaults for OMX/cmex/m/n on input line 5.
LaTeX Font Info:    ... okay on input line 5.
LaTeX Font Info:    Checking defaults for U/cmr/m/n on input line 5.
LaTeX Font Info:    ... okay on input line 5.

(/usr/local/texlive/2020/texmf-dist/tex/context/base/mkii/supp-pdf.mkii
[Loading MPS to PDF converter (version 2006.09.02).]
\scratchcounter=\count188
\scratchdimen=\dimen146
\scratchbox=\box48
\nofMPsegments=\count189
\nofMParguments=\count190
\everyMPshowfont=\toks21
\MPscratchCnt=\count191
\MPscratchDim=\dimen147
\MPnumerator=\count192
\makeMPintoPDFobject=\count193
\everyMPtoPDFconversion=\toks22
) (/usr/local/texlive/2020/texmf-dist/tex/latex/epstopdf-pkg/epstopdf-base.sty
Package: epstopdf-base 2020-01-24 v2.11 Base part for package epstopdf
Package epstopdf-base Info: Redefining graphics rule for `.eps' on input line 4
85.

(/usr/local/texlive/2020/texmf-dist/tex/latex/latexconfig/epstopdf-sys.cfg
File: epstopdf-sys.cfg 2010/07/13 v1.3 Configuration of (r)epstopdf for TeX Liv
e
))
<../output/task1iiartificial.png, id=1, 462.528pt x 346.896pt>

! Illegal unit of measure (pt inserted).
<to be read again> 
                   \relax 
l.17 ...idth=100]{../output/task1iiartificial.png}
                                                  
? 
! Emergency stop.
<to be read again> 
                   \relax 
l.17 ...idth=100]{../output/task1iiartificial.png}
                                                  
End of file on the terminal!

 
Here is how much of TeX's memory you used:
 1777 strings out of 480608
 24399 string characters out of 5903631
 262439 words of memory out of 5000000
 17689 multiletter control sequences out of 15000+600000
 536652 words of font info for 39 fonts, out of 8000000 for 9000
 1141 hyphenation exceptions out of 8191
 30i,6n,25p,285b,189s stack positions out of 5000i,500n,10000p,200000b,80000s
!  ==> Fatal error occurred, no output PDF file produced!
memory out of 5000000
 17700 multiletter control sequences out of 15000+600000
 536652 words of font info for 39 fonts, out of 8000000 for 9000
 1141 hyphenation exceptions out of 8191
 30i,6n,25p,362b,189s stack positions out of 5000i,500n,10000p,200000b,80000s
!  ==> Fatal error occurred, no output PDF file produced!
000000
 17705 multiletter control sequences out of 15000+600000
 536652 words of font info for 39 fonts, out of 8000000 for 9000
 1141 hyphenation exceptions out of 8191
 30i,6n,25p,410b,189s stack positions out of 5000i,500n,10000p,200000b,80000s
!  ==> Fatal error occurred, no output PDF file produced!
29.37639pt.
<../output/task1iicrime.png, id=3, 462.528pt x 346.896pt>
File: ../output/task1iicrime.png Graphic file (type png)
<use ../output/task1iicrime.png>
Package pdftex.def Info: ../output/task1iicrime.png  used on input line 19.
(pdftex.def)             Requested size: 172.5pt x 129.37639pt.

Overfull \hbox (17.22221pt too wide) in paragraph at lines 18--23
[][] []
 []


Underfull \hbox (badness 10000) in paragraph at lines 18--23

 []

<../output/task1iiiartificial.png, id=4, 462.528pt x 346.896pt>
File: ../output/task1iiiartificial.png Graphic file (type png)
<use ../output/task1iiiartificial.png>
Package pdftex.def Info: ../output/task1iiiartificial.png  used on input line 2
4.
(pdftex.def)             Requested size: 172.5pt x 129.37639pt.
<../output/task1iiicrime.png, id=5, 462.528pt x 346.896pt>
File: ../output/task1iiicrime.png Graphic file (type png)
<use ../output/task1iiicrime.png>
Package pdftex.def Info: ../output/task1iiicrime.png  used on input line 25.
(pdftex.def)             Requested size: 172.5pt x 129.37639pt.

Overfull \hbox (17.22221pt too wide) in paragraph at lines 24--27
[][] []
 []

[1

{/usr/local/texlive/2020/texmf-var/fonts/map/pdftex/updmap/pdftex.map} <../outp
ut/task1iiartificial.png> <../output/task1iicrime.png>]
<../output/task1iiiartificialcopy.png, id=17, 462.528pt x 346.896pt>
File: ../output/task1iiiartificialcopy.png Graphic file (type png)
<use ../output/task1iiiartificialcopy.png>
Package pdftex.def Info: ../output/task1iiiartificialcopy.png  used on input li
ne 28.
(pdftex.def)             Requested size: 172.5pt x 129.37639pt.
<../output/task1iiicrimecopy.png, id=18, 462.528pt x 346.896pt>
File: ../output/task1iiicrimecopy.png Graphic file (type png)
<use ../output/task1iiicrimecopy.png>
Package pdftex.def Info: ../output/task1iiicrimecopy.png  used on input line 29
.
(pdftex.def)             Requested size: 172.5pt x 129.37639pt.

Overfull \hbox (17.22221pt too wide) in paragraph at lines 28--31
[][] []
 []


LaTeX Warning: File `../output/task2artifical.png' not found on input line 36.


! Package pdftex.def Error: File `../output/task2artifical.png' not found: usin
g draft setting.

See the pdftex.def package documentation for explanation.
Type  H <return>  for immediate help.
 ...                                              
                                                  
l.36 ...5\textwidth]{../output/task2artifical.png}
                                                  
? 
! Emergency stop.
 ...                                              
                                                  
l.36 ...5\textwidth]{../output/task2artifical.png}
                                                  
Try typing  <return>  to proceed.
If that doesn't work, type  X <return>  to quit.

 
Here is how much of TeX's memory you used:
 3081 strings out of 480608
 48414 string characters out of 5903631
 288074 words of memory out of 5000000
 18962 multiletter control sequences out of 15000+600000
 536652 words of font info for 39 fonts, out of 8000000 for 9000
 1141 hyphenation exceptions out of 8191
 50i,6n,48p,722b,189s stack positions out of 5000i,500n,10000p,200000b,80000s
!  ==> Fatal error occurred, no output PDF file produced!
ng  used on input line 41.
(pdftex.def)             Requested size: 172.5pt x 129.37639pt.

Overfull \hbox (17.22221pt too wide) in paragraph at lines 40--43
[][] []
 []

[3 <../output/task2f3.png> <../output/task2f5.png> <../output/task2f3evid.png> 
<../output/task2f5evid.png>] (./pp2.aux) ) 
Here is how much of TeX's memory you used:
 3077 strings out of 480608
 48261 string characters out of 5903631
 288074 words of memory out of 5000000
 18967 multiletter control sequences out of 15000+600000
 536652 words of font info for 39 fonts, out of 8000000 for 9000
 1141 hyphenation exceptions out of 8191
 50i,6n,48p,722b,189s stack positions out of 5000i,500n,10000p,200000b,80000s
</usr/local/texlive/2020/texmf-dist/f
onts/type1/public/amsfonts/cm/cmbx12.pfb></usr/local/texlive/2020/texmf-dist/fo
nts/type1/public/amsfonts/cm/cmr10.pfb></usr/local/texlive/2020/texmf-dist/font
s/type1/public/amsfonts/cm/cmr12.pfb></usr/local/texlive/2020/texmf-dist/fonts/
type1/public/amsfonts/cm/cmr17.pfb>
Output written on pp2.pdf (3 pages, 285426 bytes).
PDF statistics:
 51 PDF objects out of 1000 (max. 8388607)
 21 compressed objects within 1 object stream
 0 named destinations out of 1000 (max. 500000)
 51 words of extra memory for PDF output out of 10000 (max. 10000000)

